0 info it worked if it ends with ok
1 verbose cli [ '/usr/bin/nodejs',
1 verbose cli   '/usr/bin/npm',
1 verbose cli   'install',
1 verbose cli   'mongodb',
1 verbose cli   '0.9.7',
1 verbose cli   '-save' ]
2 info using npm@1.3.10
3 info using node@v0.10.25
4 verbose readDependencies using package.json deps
5 verbose cache add [ 'mongodb@~2.2.22', null ]
6 verbose cache add name=undefined spec="mongodb@~2.2.22" args=["mongodb@~2.2.22",null]
7 verbose parsed url { protocol: null,
7 verbose parsed url   slashes: null,
7 verbose parsed url   auth: null,
7 verbose parsed url   host: null,
7 verbose parsed url   port: null,
7 verbose parsed url   hostname: null,
7 verbose parsed url   hash: null,
7 verbose parsed url   search: null,
7 verbose parsed url   query: null,
7 verbose parsed url   pathname: 'mongodb@~2.2.22',
7 verbose parsed url   path: 'mongodb@~2.2.22',
7 verbose parsed url   href: 'mongodb@~2.2.22' }
8 verbose cache add name="mongodb" spec="~2.2.22" args=["mongodb","~2.2.22"]
9 verbose parsed url { protocol: null,
9 verbose parsed url   slashes: null,
9 verbose parsed url   auth: null,
9 verbose parsed url   host: null,
9 verbose parsed url   port: null,
9 verbose parsed url   hostname: null,
9 verbose parsed url   hash: null,
9 verbose parsed url   search: null,
9 verbose parsed url   query: null,
9 verbose parsed url   pathname: '~2.2.22',
9 verbose parsed url   path: '~2.2.22',
9 verbose parsed url   href: '~2.2.22' }
10 verbose addNamed [ 'mongodb', '~2.2.22' ]
11 verbose addNamed [ null, '>=2.2.22-0 <2.3.0-0' ]
12 verbose cache add [ '0.9.7', null ]
13 verbose cache add name=undefined spec="0.9.7" args=["0.9.7",null]
14 verbose parsed url { protocol: null,
14 verbose parsed url   slashes: null,
14 verbose parsed url   auth: null,
14 verbose parsed url   host: null,
14 verbose parsed url   port: null,
14 verbose parsed url   hostname: null,
14 verbose parsed url   hash: null,
14 verbose parsed url   search: null,
14 verbose parsed url   query: null,
14 verbose parsed url   pathname: '0.9.7',
14 verbose parsed url   path: '0.9.7',
14 verbose parsed url   href: '0.9.7' }
15 silly lockFile 22914509-mongodb-2-2-22 mongodb@~2.2.22
16 verbose lock mongodb@~2.2.22 /home/vagrant/.npm/22914509-mongodb-2-2-22.lock
17 silly lockFile aeca4758-0-9-7 0.9.7
18 verbose lock 0.9.7 /home/vagrant/.npm/aeca4758-0-9-7.lock
19 silly addNameRange { name: 'mongodb', range: '>=2.2.22-0 <2.3.0-0', hasData: false }
20 silly lockFile aeca4758-0-9-7 0.9.7
21 silly lockFile aeca4758-0-9-7 0.9.7
22 verbose addNamed [ '0.9.7', '' ]
23 verbose addNamed [ null, '*' ]
24 silly lockFile 1888ceaf-0-9-7 0.9.7@
25 verbose lock 0.9.7@ /home/vagrant/.npm/1888ceaf-0-9-7.lock
26 silly addNameRange { name: '0.9.7', range: '*', hasData: false }
27 verbose url raw 0.9.7
28 verbose url resolving [ 'https://registry.npmjs.org/', './0.9.7' ]
29 verbose url resolved https://registry.npmjs.org/0.9.7
30 info trying registry request attempt 1 at 20:43:00
31 http GET https://registry.npmjs.org/0.9.7
32 verbose url raw mongodb
33 verbose url resolving [ 'https://registry.npmjs.org/', './mongodb' ]
34 verbose url resolved https://registry.npmjs.org/mongodb
35 info trying registry request attempt 1 at 20:43:00
36 verbose etag "58972665-9486d"
37 http GET https://registry.npmjs.org/mongodb
38 http 304 https://registry.npmjs.org/mongodb
39 silly registry.get cb [ 304,
39 silly registry.get   { date: 'Fri, 10 Feb 2017 20:43:00 GMT',
39 silly registry.get     via: '1.1 varnish',
39 silly registry.get     'cache-control': 'max-age=300',
39 silly registry.get     etag: '"58972665-9486d"',
39 silly registry.get     age: '0',
39 silly registry.get     connection: 'keep-alive',
39 silly registry.get     'x-served-by': 'cache-iad2128-IAD',
39 silly registry.get     'x-cache': 'HIT',
39 silly registry.get     'x-cache-hits': '1',
39 silly registry.get     'x-timer': 'S1486759380.820223,VS0,VE2',
39 silly registry.get     vary: 'Accept-Encoding' } ]
40 verbose etag mongodb from cache
41 http 404 https://registry.npmjs.org/0.9.7
42 silly registry.get cb [ 404,
42 silly registry.get   { 'content-type': 'application/json',
42 silly registry.get     'cache-control': 'max-age=0',
42 silly registry.get     'content-length': '2',
42 silly registry.get     'accept-ranges': 'bytes',
42 silly registry.get     date: 'Fri, 10 Feb 2017 20:43:00 GMT',
42 silly registry.get     via: '1.1 varnish',
42 silly registry.get     age: '0',
42 silly registry.get     connection: 'keep-alive',
42 silly registry.get     'x-served-by': 'cache-iad2625-IAD',
42 silly registry.get     'x-cache': 'MISS',
42 silly registry.get     'x-cache-hits': '0',
42 silly registry.get     'x-timer': 'S1486759380.777880,VS0,VE58',
42 silly registry.get     vary: 'Accept-Encoding' } ]
43 silly addNameRange number 2 { name: 'mongodb', range: '>=2.2.22-0 <2.3.0-0', hasData: true }
44 silly addNameRange versions [ 'mongodb',
44 silly addNameRange   [ '0.9.4',
44 silly addNameRange     '0.9.4-4',
44 silly addNameRange     '0.9.3',
44 silly addNameRange     '0.9.1',
44 silly addNameRange     '0.9.2',
44 silly addNameRange     '0.9.6-7',
44 silly addNameRange     '0.9.6-8',
44 silly addNameRange     '0.9.6-9',
44 silly addNameRange     '0.9.6-10',
44 silly addNameRange     '0.9.6-11',
44 silly addNameRange     '0.9.6-12',
44 silly addNameRange     '0.9.6-13',
44 silly addNameRange     '0.9.6-14',
44 silly addNameRange     '0.9.6-15',
44 silly addNameRange     '0.9.6-16',
44 silly addNameRange     '0.9.6-17',
44 silly addNameRange     '0.9.6-18',
44 silly addNameRange     '0.9.6-19',
44 silly addNameRange     '0.9.6-20',
44 silly addNameRange     '0.9.6-21',
44 silly addNameRange     '0.9.6-22',
44 silly addNameRange     '0.9.6-23',
44 silly addNameRange     '0.9.7',
44 silly addNameRange     '0.9.7-0',
44 silly addNameRange     '0.9.7-1',
44 silly addNameRange     '0.9.7-1.1',
44 silly addNameRange     '0.9.7-1.2',
44 silly addNameRange     '0.9.7-1.3',
44 silly addNameRange     '0.9.7-1.4',
44 silly addNameRange     '0.9.7-2',
44 silly addNameRange     '0.9.7-2-1',
44 silly addNameRange     '0.9.7-2-2',
44 silly addNameRange     '0.9.7-2-3',
44 silly addNameRange     '0.9.7-2-4',
44 silly addNameRange     '0.9.7-2-5',
44 silly addNameRange     '0.9.7-3',
44 silly addNameRange     '0.9.7-3-1',
44 silly addNameRange     '0.9.7-3-2',
44 silly addNameRange     '0.9.7-3-3',
44 silly addNameRange     '0.9.7-3-4',
44 silly addNameRange     '0.9.7-3-5',
44 silly addNameRange     '0.9.8',
44 silly addNameRange     '0.9.8-1',
44 silly addNameRange     '0.9.8-2',
44 silly addNameRange     '0.9.8-3',
44 silly addNameRange     '0.9.8-4',
44 silly addNameRange     '0.9.8-5',
44 silly addNameRange     '0.9.8-6',
44 silly addNameRange     '0.9.8-7',
44 silly addNameRange     '0.9.9',
44 silly addNameRange     '0.9.9-1',
44 silly addNameRange     '0.9.9-2',
44 silly addNameRange     '0.9.9-3',
44 silly addNameRange     '0.9.9-4',
44 silly addNameRange     '0.9.9-5',
44 silly addNameRange     '0.9.9-6',
44 silly addNameRange     '0.9.9-7',
44 silly addNameRange     '0.9.9-8',
44 silly addNameRange     '1.0.0',
44 silly addNameRange     '1.0.1',
44 silly addNameRange     '1.0.2',
44 silly addNameRange     '1.1.0-beta',
44 silly addNameRange     '1.1.0',
44 silly addNameRange     '1.1.1',
44 silly addNameRange     '1.1.2',
44 silly addNameRange     '1.1.3',
44 silly addNameRange     '1.1.4',
44 silly addNameRange     '1.1.5',
44 silly addNameRange     '1.1.6',
44 silly addNameRange     '1.1.7',
44 silly addNameRange     '1.1.8',
44 silly addNameRange     '1.1.9',
44 silly addNameRange     '1.1.10',
44 silly addNameRange     '1.1.11',
44 silly addNameRange     '1.2.0',
44 silly addNameRange     '1.2.1',
44 silly addNameRange     '1.2.2',
44 silly addNameRange     '1.2.3',
44 silly addNameRange     '1.2.4',
44 silly addNameRange     '1.2.5',
44 silly addNameRange     '1.2.6',
44 silly addNameRange     '1.2.7',
44 silly addNameRange     '1.2.8',
44 silly addNameRange     '1.2.9',
44 silly addNameRange     '1.2.10',
44 silly addNameRange     '1.2.11',
44 silly addNameRange     '1.2.12',
44 silly addNameRange     '1.2.13',
44 silly addNameRange     '1.2.14',
44 silly addNameRange     '1.3.0',
44 silly addNameRange     '1.3.1',
44 silly addNameRange     '1.3.2',
44 silly addNameRange     '1.3.3',
44 silly addNameRange     '1.3.4',
44 silly addNameRange     '1.3.5',
44 silly addNameRange     '1.3.6',
44 silly addNameRange     '1.3.7',
44 silly addNameRange     '1.3.8',
44 silly addNameRange     '1.3.9',
44 silly addNameRange     '1.3.10',
44 silly addNameRange     '1.3.11',
44 silly addNameRange     '1.3.12',
44 silly addNameRange     '1.3.14',
44 silly addNameRange     '1.3.15',
44 silly addNameRange     '1.3.17',
44 silly addNameRange     '1.3.18',
44 silly addNameRange     '1.3.19',
44 silly addNameRange     '1.4.0-rc2',
44 silly addNameRange     '1.3.20',
44 silly addNameRange     '1.4.0-rc3',
44 silly addNameRange     '1.3.21',
44 silly addNameRange     '1.3.22',
44 silly addNameRange     '1.3.23',
44 silly addNameRange     '1.4.0-rc4',
44 silly addNameRange     '1.4.0-rc5',
44 silly addNameRange     '1.4.0-rc6',
44 silly addNameRange     '1.4.0-rc7',
44 silly addNameRange     '1.4.0-rc8',
44 silly addNameRange     '1.4.0-rc9',
44 silly addNameRange     '1.4.0-rc10',
44 silly addNameRange     '1.4.0',
44 silly addNameRange     '1.4.1',
44 silly addNameRange     '1.4.2',
44 silly addNameRange     '1.4.3',
44 silly addNameRange     '1.4.4',
44 silly addNameRange     '1.4.5',
44 silly addNameRange     '1.4.6',
44 silly addNameRange     '1.4.7',
44 silly addNameRange     '1.4.8',
44 silly addNameRange     '1.4.9',
44 silly addNameRange     '1.4.10',
44 silly addNameRange     '2.0.0-alpha1',
44 silly addNameRange     '1.4.11',
44 silly addNameRange     '1.4.12',
44 silly addNameRange     '1.4.14',
44 silly addNameRange     '1.4.15',
44 silly addNameRange     '1.4.16',
44 silly addNameRange     '1.4.17',
44 silly addNameRange     '2.0.0-alpha2',
44 silly addNameRange     '1.4.18',
44 silly addNameRange     '2.0.0',
44 silly addNameRange     '2.0.1',
44 silly addNameRange     '2.0.2',
44 silly addNameRange     '1.4.19',
44 silly addNameRange     '2.0.3',
44 silly addNameRange     '2.0.4',
44 silly addNameRange     '2.0.5',
44 silly addNameRange     '2.0.6',
44 silly addNameRange     '1.4.20',
44 silly addNameRange     '1.4.22',
44 silly addNameRange     '2.0.7',
44 silly addNameRange     '2.0.8',
44 silly addNameRange     '2.0.9',
44 silly addNameRange     '1.4.23',
44 silly addNameRange     '2.0.10',
44 silly addNameRange     '1.4.24',
44 silly addNameRange     '2.0.11',
44 silly addNameRange     '1.4.25',
44 silly addNameRange     '2.0.12',
44 silly addNameRange     '1.4.26',
44 silly addNameRange     '1.4.27',
44 silly addNameRange     '1.4.28',
44 silly addNameRange     '2.0.13',
44 silly addNameRange     '2.0.14',
44 silly addNameRange     '1.4.29',
44 silly addNameRange     '2.0.15',
44 silly addNameRange     '1.4.30',
44 silly addNameRange     '2.0.16',
44 silly addNameRange     '1.4.31',
44 silly addNameRange     '2.0.17',
44 silly addNameRange     '1.4.32',
44 silly addNameRange     '2.0.18',
44 silly addNameRange     '2.0.19',
44 silly addNameRange     '1.4.33',
44 silly addNameRange     '2.0.20',
44 silly addNameRange     '2.0.21',
44 silly addNameRange     '1.4.34',
44 silly addNameRange     '2.0.22',
44 silly addNameRange     '2.0.23',
44 silly addNameRange     '1.4.35',
44 silly addNameRange     '2.0.24',
44 silly addNameRange     '2.0.25',
44 silly addNameRange     '2.0.26',
44 silly addNameRange     '2.0.27',
44 silly addNameRange     '2.0.28',
44 silly addNameRange     '2.0.29',
44 silly addNameRange     '1.4.36',
44 silly addNameRange     '2.0.30',
44 silly addNameRange     '1.4.37',
44 silly addNameRange     '2.0.31',
44 silly addNameRange     '1.4.38',
44 silly addNameRange     '2.0.32',
44 silly addNameRange     '2.0.33',
44 silly addNameRange     '2.1.0-alpha',
44 silly addNameRange     '2.0.34',
44 silly addNameRange     '2.0.35',
44 silly addNameRange     '2.0.36',
44 silly addNameRange     '2.0.37',
44 silly addNameRange     '2.0.38',
44 silly addNameRange     '2.0.39',
44 silly addNameRange     '1.4.39',
44 silly addNameRange     '2.0.40',
44 silly addNameRange     '2.0.41',
44 silly addNameRange     '2.0.42',
44 silly addNameRange     '2.0.43',
44 silly addNameRange     '2.0.44',
44 silly addNameRange     '2.0.45',
44 silly addNameRange     '2.0.46',
44 silly addNameRange     '2.0.47',
44 silly addNameRange     '2.0.48',
44 silly addNameRange     '2.1.0-rc1',
44 silly addNameRange     '2.0.49',
44 silly addNameRange     '2.0.50',
44 silly addNameRange     '2.1.0',
44 silly addNameRange     '2.0.51',
44 silly addNameRange     '2.1.1',
44 silly addNameRange     '2.0.52',
44 silly addNameRange     '2.0.53',
44 silly addNameRange     '2.1.2',
44 silly addNameRange     '2.1.3',
44 silly addNameRange     '2.0.54',
44 silly addNameRange     '2.0.55',
44 silly addNameRange     '1.4.40',
44 silly addNameRange     '2.1.4',
44 silly addNameRange     '2.1.5',
44 silly addNameRange     '2.1.6',
44 silly addNameRange     '2.1.7',
44 silly addNameRange     '2.1.8',
44 silly addNameRange     '2.1.9',
44 silly addNameRange     '2.1.10',
44 silly addNameRange     '2.1.11',
44 silly addNameRange     '2.1.12',
44 silly addNameRange     '2.1.13',
44 silly addNameRange     '2.1.14',
44 silly addNameRange     '2.1.15',
44 silly addNameRange     '2.1.16',
44 silly addNameRange     '2.1.17',
44 silly addNameRange     '2.1.18',
44 silly addNameRange     '2.1.19',
44 silly addNameRange     '2.1.20',
44 silly addNameRange     '2.1.21',
44 silly addNameRange     '2.1.22-alpha',
44 silly addNameRange     '2.1.22-alpha2',
44 silly addNameRange     '2.1.22-alpha3',
44 silly addNameRange     '2.1.22-alpha4',
44 silly addNameRange     '2.2.0-alpha1',
44 silly addNameRange     '2.2.0-alpha2',
44 silly addNameRange     '2.2.0',
44 silly addNameRange     '2.2.1',
44 silly addNameRange     '2.2.2',
44 silly addNameRange     '2.2.3',
44 silly addNameRange     '2.2.4',
44 silly addNameRange     '2.2.5',
44 silly addNameRange     '2.2.6',
44 silly addNameRange     '2.2.7',
44 silly addNameRange     '2.2.8',
44 silly addNameRange     '2.2.9',
44 silly addNameRange     '2.2.10',
44 silly addNameRange     '2.2.11',
44 silly addNameRange     '2.2.12',
44 silly addNameRange     '2.2.13',
44 silly addNameRange     '2.2.14',
44 silly addNameRange     '2.2.15',
44 silly addNameRange     '2.2.16',
44 silly addNameRange     '2.2.17',
44 silly addNameRange     '2.2.18',
44 silly addNameRange     '2.2.19',
44 silly addNameRange     '2.2.20',
44 silly addNameRange     '2.2.21',
44 silly addNameRange     '2.2.22' ] ]
45 verbose addNamed [ 'mongodb', '2.2.22' ]
46 verbose addNamed [ '2.2.22', '2.2.22' ]
47 silly lockFile 68d83bbf-mongodb-2-2-22 mongodb@2.2.22
48 verbose lock mongodb@2.2.22 /home/vagrant/.npm/68d83bbf-mongodb-2-2-22.lock
49 silly addNameRange number 2 { name: '0.9.7', range: '*', hasData: true }
50 silly addNameRange versions [ undefined, [] ]
51 error TypeError: Cannot read property 'latest' of undefined
51 error     at next (/usr/share/npm/lib/cache.js:687:35)
51 error     at /usr/share/npm/lib/cache.js:675:5
51 error     at saved (/usr/share/npm/node_modules/npm-registry-client/lib/get.js:142:7)
51 error     at /usr/lib/nodejs/graceful-fs/polyfills.js:133:7
51 error     at Object.oncomplete (fs.js:107:15)
52 error If you need help, you may report this log at:
52 error     <http://github.com/isaacs/npm/issues>
52 error or email it to:
52 error     <npm-@googlegroups.com>
53 error System Linux 3.13.0-100-generic
54 error command "/usr/bin/nodejs" "/usr/bin/npm" "install" "mongodb" "0.9.7" "-save"
55 error cwd /home/vagrant/check/checkbox.io/server-side/site/routes
56 error node -v v0.10.25
57 error npm -v 1.3.10
58 error type non_object_property_load
59 verbose exit [ 1, true ]
